<?xml version="1.0" encoding="UTF-8"?><testsuite errors="1" failures="0" name="Yo como usuario quiero registrarme, iniciar sesion y agregar productos al carrito" skipped="0" tests="1" time="3.43" timestamp="2023-02-06 01:43:35"><testcase name="Agregar un producto al carrito"><error message="Could not instantiate new WebDriver instance of type class io.appium.java_client.AppiumDriver (Connection refused (Connection refused)&#10;Build info: version: 'unknown', revision: 'unknown', time: 'unknown'&#10;System info: host: 'MacbookPro-ML-126082.local', ip: '2800:e2:1c80:16ad:0:0:0:6%en0', os.name: 'Mac OS X', os.arch: 'x86_64', os.version: '10.16', java.version: '1.8.0_352'&#10;Driver info: driver.version: RemoteDriver). See below for more details." type="net.thucydides.core.webdriver.DriverConfigurationError">Could not instantiate new WebDriver instance of type class io.appium.java_client.AppiumDriver (Connection refused (Connection refused)
Build info: version: 'unknown', revision: 'unknown', time: 'unknown'
System info: host: 'MacbookPro-ML-126082.local', ip: '2800:e2:1c80:16ad:0:0:0:6%en0', os.name: 'Mac OS X', os.arch: 'x86_64', os.version: '10.16', java.version: '1.8.0_352'
Driver info: driver.version: RemoteDriver). See below for more details.</error><system-err>Could not instantiate new WebDriver instance of type class io.appium.java_client.AppiumDriver (Connection refused (Connection refused)
Build info: version: 'unknown', revision: 'unknown', time: 'unknown'
System info: host: 'MacbookPro-ML-126082.local', ip: '2800:e2:1c80:16ad:0:0:0:6%en0', os.name: 'Mac OS X', os.arch: 'x86_64', os.version: '10.16', java.version: '1.8.0_352'
Driver info: driver.version: RemoteDriver). See below for more details.
stepdefinitions.AgregarProductoCarritoStepDefinitions.elUsuarioInicioSesionEnLaAppMóvilÉxito(AgregarProductoCarritoStepDefinitions.java:20)
cucumber.runner.Runner.runPickle(Runner.java:80)
worker.org.gradle.process.internal.worker.GradleWorkerMain.run(GradleWorkerMain.java:69)
worker.org.gradle.process.internal.worker.GradleWorkerMain.main(GradleWorkerMain.java:74)
</system-err></testcase></testsuite>